<?xml version="1.0" encoding="UTF-8"?>
<!-- Generated by org.testng.reporters.JUnitReportReporter -->
<testsuite hostname="RAM" failures="0" tests="1" name="Differentwayspostrequest2.Hashmap2request" time="7.856" errors="0" timestamp="2022-12-12T11:03:39 IST" skipped="0">
  <testcase classname="Differentwayspostrequest2.Hashmap2request" name="tc03" time="7.856"/>
  <system-out/>
</testsuite> <!-- Differentwayspostrequest2.Hashmap2request -->
