<?xml version="1.0" encoding="UTF-8"?>
<!-- Generated by org.testng.reporters.JUnitReportReporter -->
<testsuite hostname="LAPTOP-BL6MFV44" failures="0" tests="1" name="crudoOperationWithoutBDDApproach.PutProject" time="4.198" errors="0" timestamp="2022-11-04T16:00:31 IST" skipped="0">
  <testcase classname="crudoOperationWithoutBDDApproach.PutProject" name="putprojecttest" time="4.198"/>
  <system-out/>
</testsuite> <!-- crudoOperationWithoutBDDApproach.PutProject -->
