<?xml version="1.0" encoding="UTF-8"?>
<!-- Generated by org.testng.reporters.JUnitReportReporter -->
<testsuite hostname="LAPTOP-BL6MFV44" failures="0" tests="1" name="serializationAndDeserialization.SerializationofEmployeeDetailsTest" time="0.388" errors="0" timestamp="03 Nov 2022 11:01:13 GMT" skipped="0">
  <testcase classname="serializationAndDeserialization.SerializationofEmployeeDetailsTest" name="SerializationEmpdatawithObjectTest" time="0.388"/>
</testsuite> <!-- serializationAndDeserialization.SerializationofEmployeeDetailsTest -->
