<?xml version="1.0" encoding="UTF-8"?>
<!-- Generated by org.testng.reporters.JUnitReportReporter -->
<testsuite hostname="LAPTOP-BL6MFV44" failures="0" tests="1" name="Pthparameter.put" time="4.342" errors="0" timestamp="2022-11-09T11:26:19 IST" skipped="0">
  <testcase classname="Pthparameter.put" name="tc02" time="4.342"/>
  <system-out/>
</testsuite> <!-- Pthparameter.put -->
