<?xml version="1.0" encoding="UTF-8"?>
<!-- Generated by org.testng.reporters.JUnitReportReporter -->
<testsuite hostname="LAPTOP-BL6MFV44" failures="0" tests="1" name="authentication.Bearertoken" time="30.084" errors="0" timestamp="2022-11-11T11:20:25 IST" skipped="0">
  <testcase classname="authentication.Bearertoken" name="bearertoken" time="30.084"/>
  <system-out/>
</testsuite> <!-- authentication.Bearertoken -->
