<?xml version="1.0" encoding="UTF-8"?>
<!-- Generated by org.testng.reporters.JUnitReportReporter -->
<testsuite hostname="LAPTOP-BL6MFV44" failures="0" tests="1" name="validate.java.Dynamicvalidation" time="1234.182" errors="0" timestamp="2022-11-10T12:06:46 IST" skipped="0">
  <testcase classname="validate.java.Dynamicvalidation" name="getProject" time="1234.182"/>
  <system-out/>
</testsuite> <!-- validate.java.Dynamicvalidation -->
