<?xml version="1.0" encoding="UTF-8"?>
<!-- Generated by org.testng.reporters.JUnitReportReporter -->
<testsuite hostname="LAPTOP-BL6MFV44" failures="0" tests="1" name="serializationAndDeserialization.SerializationofEmpDatawithArray" time="0.412" errors="0" timestamp="03 Nov 2022 10:35:33 GMT" skipped="0">
  <testcase classname="serializationAndDeserialization.SerializationofEmpDatawithArray" name="SerializationofEmpdatawitharrayTest" time="0.412"/>
</testsuite> <!-- serializationAndDeserialization.SerializationofEmpDatawithArray -->
