<?xml version="1.0" encoding="UTF-8"?>
<!-- Generated by org.testng.reporters.JUnitReportReporter -->
<testsuite hostname="RAM" failures="0" tests="1" name="Practicereqres.in.DM3" time="5.453" errors="0" timestamp="2023-03-16T20:49:38 IST" skipped="0">
  <testcase classname="Practicereqres.in.DM3" name="tc01" time="5.453"/>
  <system-out/>
</testsuite> <!-- Practicereqres.in.DM3 -->
