<?xml version="1.0" encoding="UTF-8"?>
<!-- Generated by org.testng.reporters.JUnitReportReporter -->
<testsuite hostname="LAPTOP-BL6MFV44" failures="0" tests="2" name="Scenario.CreateAndDelete" time="1.219" errors="1" timestamp="2022-11-15T18:11:30 IST" skipped="1">
  <testcase classname="Scenario.CreateAndDelete" name="bsconfig" time="1.219">
    <error message="Could not initialize class org.codehaus.groovy.reflection.ReflectionCache" type="java.lang.NoClassDefFoundError">
      <![CDATA[java.lang.NoClassDefFoundError: Could not initialize class org.codehaus.groovy.reflection.ReflectionCache
at org.codehaus.groovy.runtime.dgmimpl.NumberNumberMetaMethod.<clinit>(NumberNumberMetaMethod.java:33)
at java.base/jdk.internal.reflect.NativeConstructorAccessorImpl.newInstance0(Native Method)
at java.base/jdk.internal.reflect.NativeConstructorAccessorImpl.newInstance(NativeConstructorAccessorImpl.java:77)
at java.base/jdk.internal.reflect.DelegatingConstructorAccessorImpl.newInstance(DelegatingConstructorAccessorImpl.java:45)
at java.base/java.lang.reflect.Constructor.newInstanceWithCaller(Constructor.java:499)
at java.base/java.lang.reflect.ReflectAccess.newInstance(ReflectAccess.java:128)
at java.base/jdk.internal.reflect.ReflectionFactory.newInstance(ReflectionFactory.java:347)
at java.base/java.lang.Class.newInstance(Class.java:645)
at org.codehaus.groovy.runtime.metaclass.MetaClassRegistryImpl.createMetaMethodFromClass(MetaClassRegistryImpl.java:257)
at org.codehaus.groovy.runtime.metaclass.MetaClassRegistryImpl.<init>(MetaClassRegistryImpl.java:110)
at org.codehaus.groovy.runtime.metaclass.MetaClassRegistryImpl.<init>(MetaClassRegistryImpl.java:85)
at groovy.lang.GroovySystem.<clinit>(GroovySystem.java:36)
at org.codehaus.groovy.runtime.InvokerHelper.<clinit>(InvokerHelper.java:86)
at org.codehaus.groovy.runtime.ScriptBytecodeAdapter.createMap(ScriptBytecodeAdapter.java:635)
at io.restassured.internal.ResponseParserRegistrar.<init>(ResponseParserRegistrar.groovy)
at io.restassured.RestAssured.<clinit>(RestAssured.java:346)
at Restassured.Genericutility.Baseclass.bsconfig(Baseclass.java:20)
at java.base/jdk.internal.reflect.NativeMethodAccessorImpl.invoke0(Native Method)
at java.base/jdk.internal.reflect.NativeMethodAccessorImpl.invoke(NativeMethodAccessorImpl.java:77)
at java.base/jdk.internal.reflect.DelegatingMethodAccessorImpl.invoke(DelegatingMethodAccessorImpl.java:43)
at java.base/java.lang.reflect.Method.invoke(Method.java:568)
at org.testng.internal.MethodInvocationHelper.invokeMethod(MethodInvocationHelper.java:133)
at org.testng.internal.MethodInvocationHelper.invokeMethodConsideringTimeout(MethodInvocationHelper.java:62)
at org.testng.internal.ConfigInvoker.invokeConfigurationMethod(ConfigInvoker.java:385)
at org.testng.internal.ConfigInvoker.invokeConfigurations(ConfigInvoker.java:321)
at org.testng.SuiteRunner.privateRun(SuiteRunner.java:317)
at org.testng.SuiteRunner.run(SuiteRunner.java:276)
at org.testng.SuiteRunnerWorker.runSuite(SuiteRunnerWorker.java:53)
at org.testng.SuiteRunnerWorker.run(SuiteRunnerWorker.java:96)
at org.testng.TestNG.runSuitesSequentially(TestNG.java:1212)
at org.testng.TestNG.runSuitesLocally(TestNG.java:1134)
at org.testng.TestNG.runSuites(TestNG.java:1063)
at org.testng.TestNG.run(TestNG.java:1031)
at org.testng.remote.AbstractRemoteTestNG.run(AbstractRemoteTestNG.java:115)
at org.testng.remote.RemoteTestNG.initAndRun(RemoteTestNG.java:251)
at org.testng.remote.RemoteTestNG.main(RemoteTestNG.java:77)
]]>
    </error>
  </testcase> <!-- bsconfig -->
  <system-out/>
  <testcase classname="Scenario.CreateAndDelete" name="createDelete" time="0.000">
    <skipped/>
  </testcase> <!-- createDelete -->
  <system-out/>
</testsuite> <!-- Scenario.CreateAndDelete -->
