<?xml version="1.0" encoding="UTF-8"?>
<!-- Generated by org.testng.reporters.JUnitReportReporter -->
<testsuite hostname="RAM" failures="0" tests="1" name="Crud2withoutBDD.putmethod" time="7.666" errors="0" timestamp="2022-12-09T17:05:02 IST" skipped="0">
  <testcase classname="Crud2withoutBDD.putmethod" name="modify" time="7.666"/>
  <system-out/>
</testsuite> <!-- Crud2withoutBDD.putmethod -->
