<?xml version="1.0" encoding="UTF-8"?>
<!-- Generated by org.testng.reporters.JUnitReportReporter -->
<testsuite hostname="RAM" failures="0" tests="3" name="Practicereqres.in.HttpRequests" time="8.006" errors="0" timestamp="2023-03-09T15:58:19 IST" skipped="0">
  <testcase classname="Practicereqres.in.HttpRequests" name="createuser" time="6.465"/>
  <system-out/>
  <testcase classname="Practicereqres.in.HttpRequests" name="updateuser" time="1.012"/>
  <system-out/>
  <testcase classname="Practicereqres.in.HttpRequests" name="Deleteuser" time="0.529"/>
  <system-out/>
</testsuite> <!-- Practicereqres.in.HttpRequests -->
