<?xml version="1.0" encoding="UTF-8"?>
<!-- Generated by org.testng.reporters.JUnitReportReporter -->
<testsuite hostname="LAPTOP-BL6MFV44" failures="0" tests="1" name="crudoOperationWithoutBDDApproach.AddProject1" time="4.616" errors="0" timestamp="2022-11-04T17:13:25 IST" skipped="0">
  <testcase classname="crudoOperationWithoutBDDApproach.AddProject1" name="addproject1" time="4.616"/>
  <system-out/>
</testsuite> <!-- crudoOperationWithoutBDDApproach.AddProject1 -->
