<?xml version="1.0" encoding="UTF-8"?>
<!-- Generated by org.testng.reporters.JUnitReportReporter -->
<testsuite hostname="LAPTOP-BL6MFV44" failures="0" tests="1" name="authentication.Bearertoken$Oauth2_0" time="7.199" errors="0" timestamp="2022-11-11T12:55:21 IST" skipped="0">
  <testcase classname="authentication.Bearertoken$Oauth2_0" name="oauthAuthentication" time="7.199"/>
  <system-out/>
</testsuite> <!-- authentication.Bearertoken$Oauth2_0 -->
