<?xml version="1.0" encoding="UTF-8"?>
<!-- Generated by org.testng.reporters.JUnitReportReporter -->
<testsuite hostname="LAPTOP-BL6MFV44" failures="0" tests="1" name="crudoOperationWithoutBDDApproach.AddProjectTest" time="4.630" errors="0" timestamp="2022-11-04T15:44:57 IST" skipped="0">
  <testcase classname="crudoOperationWithoutBDDApproach.AddProjectTest" name="addProjectTest" time="4.630"/>
  <system-out/>
</testsuite> <!-- crudoOperationWithoutBDDApproach.AddProjectTest -->
