<?xml version="1.0" encoding="UTF-8"?>
<!-- Generated by org.testng.reporters.JUnitReportReporter -->
<testsuite hostname="LAPTOP-BL6MFV44" failures="0" tests="1" name="crudoOperationWithoutBDDApproach.DeleteProject" time="3.428" errors="0" timestamp="2022-11-04T15:40:52 IST" skipped="0">
  <testcase classname="crudoOperationWithoutBDDApproach.DeleteProject" name="deleteProject" time="3.428"/>
  <system-out/>
</testsuite> <!-- crudoOperationWithoutBDDApproach.DeleteProject -->
