<?xml version="1.0" encoding="UTF-8"?>
<!-- Generated by org.testng.reporters.JUnitReportReporter -->
<testsuite hostname="RAM" failures="0" tests="1" name="Practicereqres.in.HeadersDemo" time="4.659" errors="0" timestamp="2023-03-14T16:15:32 IST" skipped="0">
  <testcase classname="Practicereqres.in.HeadersDemo" name="tc01" time="4.659"/>
  <system-out/>
</testsuite> <!-- Practicereqres.in.HeadersDemo -->
