<?xml version="1.0" encoding="UTF-8"?>
<!-- Generated by org.testng.reporters.JUnitReportReporter -->
<testsuite hostname="RAM" failures="0" tests="1" name="Crud2withoutBDD.Getmethod" time="6.945" errors="0" timestamp="2022-12-12T11:10:46 IST" skipped="0">
  <testcase classname="Crud2withoutBDD.Getmethod" name="tc01" time="6.945"/>
  <system-out/>
</testsuite> <!-- Crud2withoutBDD.Getmethod -->
