<?xml version="1.0" encoding="UTF-8"?>
<!-- Generated by org.testng.reporters.JUnitReportReporter -->
<testsuite hostname="LAPTOP-BL6MFV44" failures="0" tests="1" name="CrudoperationswithBDDapproach.postproject5" time="4.151" errors="0" timestamp="2022-11-07T17:52:49 IST" skipped="0">
  <testcase classname="CrudoperationswithBDDapproach.postproject5" name="tc05" time="4.151"/>
  <system-out/>
</testsuite> <!-- CrudoperationswithBDDapproach.postproject5 -->
