<?xml version="1.0" encoding="UTF-8"?>
<!-- Generated by org.testng.reporters.JUnitReportReporter -->
<testsuite hostname="LAPTOP-BL6MFV44" failures="0" tests="1" name="crudoOperationWithoutBDDApproach.Getproject1" time="3.940" errors="0" timestamp="2022-11-04T17:14:49 IST" skipped="0">
  <testcase classname="crudoOperationWithoutBDDApproach.Getproject1" name="getProjectTest" time="3.940"/>
  <system-out/>
</testsuite> <!-- crudoOperationWithoutBDDApproach.Getproject1 -->
