<?xml version="1.0" encoding="UTF-8"?>
<!-- Generated by org.testng.reporters.JUnitReportReporter -->
<testsuite hostname="LAPTOP-BL6MFV44" failures="0" tests="1" name="Pthparameter.Addprojectpath" time="3.831" errors="0" timestamp="2022-11-09T11:32:28 IST" skipped="0">
  <testcase classname="Pthparameter.Addprojectpath" name="tco1" time="3.831"/>
  <system-out/>
</testsuite> <!-- Pthparameter.Addprojectpath -->
