<?xml version="1.0" encoding="UTF-8"?>
<!-- Generated by org.testng.reporters.JUnitReportReporter -->
<testsuite hostname="LAPTOP-BL6MFV44" failures="0" tests="2" name="Dtaprovider" time="5.320" errors="0" timestamp="2022-11-09T10:20:36 IST" skipped="0">
  <testcase classname="Dtaprovider" name="tc01" time="5.007"/>
  <system-out/>
  <testcase classname="Dtaprovider" name="tc01" time="0.313"/>
  <system-out/>
</testsuite> <!-- Dtaprovider -->
