<?xml version="1.0" encoding="UTF-8"?>
<!-- Generated by org.testng.reporters.JUnitReportReporter -->
<testsuite hostname="RAM" failures="0" tests="1" name="crudoOperationWithoutBDDApproach.Getproject3" time="3.239" errors="0" timestamp="2023-01-19T12:40:39 IST" skipped="0">
  <testcase classname="crudoOperationWithoutBDDApproach.Getproject3" name="tc01" time="3.239"/>
  <system-out/>
</testsuite> <!-- crudoOperationWithoutBDDApproach.Getproject3 -->
