<?xml version="1.0" encoding="UTF-8"?>
<!-- Generated by org.testng.reporters.JUnitReportReporter -->
<testsuite hostname="RAM" failures="0" tests="1" name="Crud2withoutBDD.Getmethod2" time="7.231" errors="0" timestamp="2022-12-09T15:33:13 IST" skipped="0">
  <testcase classname="Crud2withoutBDD.Getmethod2" name="tc02" time="7.231"/>
  <system-out/>
</testsuite> <!-- Crud2withoutBDD.Getmethod2 -->
