<?xml version="1.0" encoding="UTF-8"?>
<!-- Generated by org.testng.reporters.JUnitReportReporter -->
<testsuite hostname="RAM" failures="0" tests="1" name="Practicereqres.in.DM2" time="5.428" errors="0" timestamp="2023-03-19T11:28:08 IST" skipped="0">
  <testcase classname="Practicereqres.in.DM2" name="tco2" time="5.428"/>
  <system-out/>
</testsuite> <!-- Practicereqres.in.DM2 -->
