<?xml version="1.0" encoding="UTF-8"?>
<!-- Generated by org.testng.reporters.JUnitReportReporter -->
<testsuite hostname="LAPTOP-BL6MFV44" failures="0" tests="1" name="crudoOperationWithoutBDDApproach.putproject1" time="2.649" errors="0" timestamp="2022-11-09T13:27:09 IST" skipped="0">
  <testcase classname="crudoOperationWithoutBDDApproach.putproject1" name="Tc01" time="2.649"/>
  <system-out/>
</testsuite> <!-- crudoOperationWithoutBDDApproach.putproject1 -->
