<?xml version="1.0" encoding="UTF-8"?>
<!-- Generated by org.testng.reporters.JUnitReportReporter -->
<testsuite hostname="LAPTOP-BL6MFV44" failures="0" tests="1" name="validate.java.Requestchaining2" time="2.817" errors="0" timestamp="2022-11-10T16:14:24 IST" skipped="0">
  <testcase classname="validate.java.Requestchaining2" name="tc06" time="2.817"/>
  <system-out/>
</testsuite> <!-- validate.java.Requestchaining2 -->
