<?xml version="1.0" encoding="UTF-8"?>
<!-- Generated by org.testng.reporters.JUnitReportReporter -->
<testsuite hostname="LAPTOP-BL6MFV44" failures="0" tests="1" name="crudoOperationWithoutBDDApproach.Getproject" time="3.618" errors="0" timestamp="2022-11-04T15:22:51 IST" skipped="0">
  <testcase classname="crudoOperationWithoutBDDApproach.Getproject" name="getProjectTest" time="3.618"/>
  <system-out/>
</testsuite> <!-- crudoOperationWithoutBDDApproach.Getproject -->
