<?xml version="1.0" encoding="UTF-8"?>
<!-- Generated by org.testng.reporters.JUnitReportReporter -->
<testsuite hostname="LAPTOP-BL6MFV44" failures="0" tests="1" name="validate.java.Requestchaining" time="6.955" errors="0" timestamp="2022-11-10T13:36:32 IST" skipped="0">
  <testcase classname="validate.java.Requestchaining" name="requestChaining" time="6.955"/>
  <system-out/>
</testsuite> <!-- validate.java.Requestchaining -->
