<?xml version="1.0" encoding="UTF-8"?>
<!-- Generated by org.testng.reporters.JUnitReportReporter -->
<testsuite hostname="LAPTOP-BL6MFV44" failures="0" tests="1" name="crudoOperationWithoutBDDApproach.Getproject2" time="5.128" errors="0" timestamp="2022-11-04T17:23:03 IST" skipped="0">
  <testcase classname="crudoOperationWithoutBDDApproach.Getproject2" name="getProjectTest02" time="5.128"/>
  <system-out/>
</testsuite> <!-- crudoOperationWithoutBDDApproach.Getproject2 -->
