<?xml version="1.0" encoding="UTF-8"?>
<!-- Generated by org.testng.reporters.JUnitReportReporter -->
<testsuite hostname="LAPTOP-BL6MFV44" failures="0" tests="1" name="Scenario.JavaTest" time="4.339" errors="0" timestamp="2022-11-16T10:58:36 IST" skipped="0">
  <testcase classname="Scenario.JavaTest" name="tc1" time="4.339"/>
  <system-out/>
</testsuite> <!-- Scenario.JavaTest -->
