<?xml version="1.0" encoding="UTF-8"?>
<!-- Generated by org.testng.reporters.JUnitReportReporter -->
<testsuite hostname="RAM" failures="0" tests="1" name="Practicereqres.in.ParsingXMLResponse" time="4.841" errors="0" timestamp="2023-03-16T13:44:25 IST" skipped="0">
  <testcase classname="Practicereqres.in.ParsingXMLResponse" name="testxmlResponseBody" time="4.841"/>
  <system-out/>
</testsuite> <!-- Practicereqres.in.ParsingXMLResponse -->
