<?xml version="1.0" encoding="UTF-8"?>
<!-- Generated by org.testng.reporters.JUnitReportReporter -->
<testsuite hostname="LAPTOP-BL6MFV44" failures="0" tests="1" name="CrudoperationswithBDDapproach.getProject" time="3.459" errors="0" timestamp="2022-11-07T11:49:27 IST" skipped="0">
  <testcase classname="CrudoperationswithBDDapproach.getProject" name="test01" time="3.459"/>
  <system-out/>
</testsuite> <!-- CrudoperationswithBDDapproach.getProject -->
