<?xml version="1.0" encoding="UTF-8"?>
<!-- Generated by org.testng.reporters.JUnitReportReporter -->
<testsuite hostname="LAPTOP-BL6MFV44" failures="0" tests="1" name="practiceapi.Responsevalidation" time="7.284" errors="0" timestamp="2022-11-19T16:04:47 IST" skipped="0">
  <testcase classname="practiceapi.Responsevalidation" name="responsevalidation" time="7.284"/>
  <system-out/>
</testsuite> <!-- practiceapi.Responsevalidation -->
