<?xml version="1.0" encoding="UTF-8"?>
<!-- Generated by org.testng.reporters.JUnitReportReporter -->
<testsuite hostname="RAM" failures="0" tests="1" name="Differentwayspostrequest2.postpojo" time="7.408" errors="0" timestamp="2022-12-12T17:15:21 IST" skipped="0">
  <testcase classname="Differentwayspostrequest2.postpojo" name="tc01" time="7.408"/>
  <system-out/>
</testsuite> <!-- Differentwayspostrequest2.postpojo -->
