<?xml version="1.0" encoding="UTF-8"?>
<!-- Generated by org.testng.reporters.JUnitReportReporter -->
<testsuite hostname="RAM" failures="0" tests="1" name="Practicereqres.in.PathandQueryparam" time="4.420" errors="0" timestamp="2023-03-12T15:43:19 IST" skipped="0">
  <testcase classname="Practicereqres.in.PathandQueryparam" name="Tc01" time="4.420"/>
  <system-out/>
</testsuite> <!-- Practicereqres.in.PathandQueryparam -->
