<?xml version="1.0" encoding="UTF-8"?>
<!-- Generated by org.testng.reporters.JUnitReportReporter -->
<testsuite hostname="LAPTOP-BL6MFV44" failures="0" tests="1" name="CrudoperationswithBDDapproach.JavaTest" time="0.015" errors="0" timestamp="2022-11-16T10:26:40 IST" skipped="0">
  <testcase classname="CrudoperationswithBDDapproach.JavaTest" name="tc1" time="0.015"/>
  <system-out/>
</testsuite> <!-- CrudoperationswithBDDapproach.JavaTest -->
