<?xml version="1.0" encoding="UTF-8"?>
<!-- Generated by org.testng.reporters.JUnitReportReporter -->
<testsuite hostname="LAPTOP-BL6MFV44" failures="0" tests="1" name="Differentwaystopostrequest.Hashmaprequest" time="4.559" errors="0" timestamp="2022-11-07T16:34:22 IST" skipped="0">
  <testcase classname="Differentwaystopostrequest.Hashmaprequest" name="Test01" time="4.559"/>
  <system-out/>
</testsuite> <!-- Differentwaystopostrequest.Hashmaprequest -->
