<?xml version="1.0" encoding="UTF-8"?>
<!-- Generated by org.testng.reporters.JUnitReportReporter -->
<testsuite hostname="RAM" failures="0" tests="1" name="Practicereqres.in.cookies" time="4.359" errors="0" timestamp="2023-03-12T18:49:02 IST" skipped="0">
  <testcase classname="Practicereqres.in.cookies" name="tc02" time="4.359"/>
  <system-out/>
</testsuite> <!-- Practicereqres.in.cookies -->
