<?xml version="1.0" encoding="UTF-8"?>
<!-- Generated by org.testng.reporters.JUnitReportReporter -->
<testsuite hostname="RAM" failures="0" tests="1" name="Queryparameter.java.getgiven" time="5.681" errors="0" timestamp="2023-02-08T12:30:19 IST" skipped="0">
  <testcase classname="Queryparameter.java.getgiven" name="tc01" time="5.681"/>
  <system-out/>
</testsuite> <!-- Queryparameter.java.getgiven -->
