<?xml version="1.0" encoding="UTF-8"?>
<!-- Generated by org.testng.reporters.JUnitReportReporter -->
<testsuite hostname="LAPTOP-BL6MFV44" failures="0" tests="1" name="Pthparameter.Delete" time="3.742" errors="0" timestamp="2022-11-09T11:33:44 IST" skipped="0">
  <testcase classname="Pthparameter.Delete" name="tc01" time="3.742"/>
  <system-out/>
</testsuite> <!-- Pthparameter.Delete -->
