<?xml version="1.0" encoding="UTF-8"?>
<!-- Generated by org.testng.reporters.JUnitReportReporter -->
<testsuite hostname="LAPTOP-BL6MFV44" failures="0" tests="1" name="CrudoperationswithBDDapproach.PutProject" time="4.346" errors="0" timestamp="2022-11-07T11:34:45 IST" skipped="0">
  <testcase classname="CrudoperationswithBDDapproach.PutProject" name="put" time="4.346"/>
  <system-out/>
</testsuite> <!-- CrudoperationswithBDDapproach.PutProject -->
