<?xml version="1.0" encoding="UTF-8"?>
<!-- Generated by org.testng.reporters.JUnitReportReporter -->
<testsuite hostname="LAPTOP-BL6MFV44" failures="0" tests="1" name="practiceapi.getAllusers" time="3.996" errors="0" timestamp="2022-11-20T16:07:12 IST" skipped="0">
  <testcase classname="practiceapi.getAllusers" name="tc01" time="3.996"/>
  <system-out/>
</testsuite> <!-- practiceapi.getAllusers -->
