<?xml version="1.0" encoding="UTF-8"?>
<!-- Generated by org.testng.reporters.JUnitReportReporter -->
<testsuite hostname="LAPTOP-BL6MFV44" failures="0" tests="1" name="crudoOperationWithoutBDDApproach.Addproject2" time="4.410" errors="0" timestamp="2022-11-04T16:33:08 IST" skipped="0">
  <testcase classname="crudoOperationWithoutBDDApproach.Addproject2" name="addproject2" time="4.410"/>
  <system-out/>
</testsuite> <!-- crudoOperationWithoutBDDApproach.Addproject2 -->
